<?xml version="1.0" encoding="UTF-8"?>
<testsuite name="JUnit Jupiter" tests="2" skipped="0" failures="0" errors="0" time="0.048" hostname="sws-ryzen" timestamp="2022-06-03T08:23:51">
<properties>
[...]
</properties>
<testcase name="noParamGreetingShouldReturnDefaultMessage()" classname="com.example.restservice.GreetingControllerTests" time="0.002">
<system-out><![CDATA[
unique-id: [engine:junit-jupiter]/[class:com.example.restservice.GreetingControllerTests]/[method:noParamGreetingShouldReturnDefaultMessage()]
display-name: noParamGreetingShouldReturnDefaultMessage()
]]></system-out>
</testcase>
<testcase name="paramGreetingShouldReturnTailoredMessage()" classname="com.example.restservice.GreetingControllerTests" time="0.001">
<system-out><![CDATA[
unique-id: [engine:junit-jupiter]/[class:com.example.restservice.GreetingControllerTests]/[method:paramGreetingShouldReturnTailoredMessage()]
display-name: paramGreetingShouldReturnTailoredMessage()
]]></system-out>
</testcase>
<system-out><![CDATA[
unique-id: [engine:junit-jupiter]
display-name: JUnit Jupiter
]]></system-out>
</testsuite>
